[24-Sep-2024 23:49:04 UTC] PHP Warning:  foreach() argument must be of type array|object, bool given in C:\local.host\www\guiadeservicos\wp-content\themes\GuiaServicos\page-template\home.php on line 172
[24-Sep-2024 23:49:04 UTC] PHP Warning:  foreach() argument must be of type array|object, bool given in C:\local.host\www\guiadeservicos\wp-content\themes\GuiaServicos\page-template\home.php on line 172
[24-Sep-2024 23:49:04 UTC] PHP Warning:  foreach() argument must be of type array|object, bool given in C:\local.host\www\guiadeservicos\wp-content\themes\GuiaServicos\page-template\home.php on line 172
[24-Sep-2024 23:49:04 UTC] PHP Warning:  foreach() argument must be of type array|object, bool given in C:\local.host\www\guiadeservicos\wp-content\themes\GuiaServicos\page-template\home.php on line 172
[24-Sep-2024 23:49:04 UTC] PHP Warning:  Undefined variable $countIcons in C:\local.host\www\guiadeservicos\wp-content\themes\GuiaServicos\page-template\home.php on line 252
[24-Sep-2024 23:49:05 UTC] PHP Warning:  foreach() argument must be of type array|object, bool given in C:\local.host\www\guiadeservicos\wp-content\themes\GuiaServicos\page-template\home.php on line 172
[24-Sep-2024 23:49:05 UTC] PHP Warning:  foreach() argument must be of type array|object, bool given in C:\local.host\www\guiadeservicos\wp-content\themes\GuiaServicos\page-template\home.php on line 172
[24-Sep-2024 23:49:05 UTC] PHP Warning:  foreach() argument must be of type array|object, bool given in C:\local.host\www\guiadeservicos\wp-content\themes\GuiaServicos\page-template\home.php on line 172
[24-Sep-2024 23:49:05 UTC] PHP Warning:  foreach() argument must be of type array|object, bool given in C:\local.host\www\guiadeservicos\wp-content\themes\GuiaServicos\page-template\home.php on line 172
[24-Sep-2024 23:49:06 UTC] PHP Warning:  Undefined variable $countIcons in C:\local.host\www\guiadeservicos\wp-content\themes\GuiaServicos\page-template\home.php on line 252
[24-Sep-2024 23:49:11 UTC] PHP Warning:  foreach() argument must be of type array|object, bool given in C:\local.host\www\guiadeservicos\wp-content\themes\GuiaServicos\page-template\home.php on line 172
[24-Sep-2024 23:49:11 UTC] PHP Warning:  foreach() argument must be of type array|object, bool given in C:\local.host\www\guiadeservicos\wp-content\themes\GuiaServicos\page-template\home.php on line 172
[24-Sep-2024 23:49:11 UTC] PHP Warning:  foreach() argument must be of type array|object, bool given in C:\local.host\www\guiadeservicos\wp-content\themes\GuiaServicos\page-template\home.php on line 172
[24-Sep-2024 23:49:11 UTC] PHP Warning:  foreach() argument must be of type array|object, bool given in C:\local.host\www\guiadeservicos\wp-content\themes\GuiaServicos\page-template\home.php on line 172
[24-Sep-2024 23:49:11 UTC] PHP Warning:  Undefined variable $countIcons in C:\local.host\www\guiadeservicos\wp-content\themes\GuiaServicos\page-template\home.php on line 252
[24-Sep-2024 23:49:14 UTC] PHP Warning:  foreach() argument must be of type array|object, bool given in C:\local.host\www\guiadeservicos\wp-content\themes\GuiaServicos\page-template\home.php on line 172
[24-Sep-2024 23:49:14 UTC] PHP Warning:  foreach() argument must be of type array|object, bool given in C:\local.host\www\guiadeservicos\wp-content\themes\GuiaServicos\page-template\home.php on line 172
[24-Sep-2024 23:49:14 UTC] PHP Warning:  foreach() argument must be of type array|object, bool given in C:\local.host\www\guiadeservicos\wp-content\themes\GuiaServicos\page-template\home.php on line 172
[24-Sep-2024 23:49:14 UTC] PHP Warning:  foreach() argument must be of type array|object, bool given in C:\local.host\www\guiadeservicos\wp-content\themes\GuiaServicos\page-template\home.php on line 172
[24-Sep-2024 23:49:14 UTC] PHP Warning:  Undefined variable $countIcons in C:\local.host\www\guiadeservicos\wp-content\themes\GuiaServicos\page-template\home.php on line 252
[24-Sep-2024 23:49:35 UTC] PHP Warning:  foreach() argument must be of type array|object, bool given in C:\local.host\www\guiadeservicos\wp-content\themes\GuiaServicos\page-template\home.php on line 172
[24-Sep-2024 23:49:35 UTC] PHP Warning:  foreach() argument must be of type array|object, bool given in C:\local.host\www\guiadeservicos\wp-content\themes\GuiaServicos\page-template\home.php on line 172
[24-Sep-2024 23:49:35 UTC] PHP Warning:  foreach() argument must be of type array|object, bool given in C:\local.host\www\guiadeservicos\wp-content\themes\GuiaServicos\page-template\home.php on line 172
[24-Sep-2024 23:49:35 UTC] PHP Warning:  foreach() argument must be of type array|object, bool given in C:\local.host\www\guiadeservicos\wp-content\themes\GuiaServicos\page-template\home.php on line 172
[24-Sep-2024 23:49:35 UTC] PHP Warning:  Undefined variable $countIcons in C:\local.host\www\guiadeservicos\wp-content\themes\GuiaServicos\page-template\home.php on line 252
[24-Sep-2024 23:49:40 UTC] PHP Warning:  foreach() argument must be of type array|object, bool given in C:\local.host\www\guiadeservicos\wp-content\themes\GuiaServicos\page-template\home.php on line 172
[24-Sep-2024 23:49:40 UTC] PHP Warning:  foreach() argument must be of type array|object, bool given in C:\local.host\www\guiadeservicos\wp-content\themes\GuiaServicos\page-template\home.php on line 172
[24-Sep-2024 23:49:40 UTC] PHP Warning:  foreach() argument must be of type array|object, bool given in C:\local.host\www\guiadeservicos\wp-content\themes\GuiaServicos\page-template\home.php on line 172
[24-Sep-2024 23:49:40 UTC] PHP Warning:  foreach() argument must be of type array|object, bool given in C:\local.host\www\guiadeservicos\wp-content\themes\GuiaServicos\page-template\home.php on line 172
[24-Sep-2024 23:49:40 UTC] PHP Warning:  Undefined variable $countIcons in C:\local.host\www\guiadeservicos\wp-content\themes\GuiaServicos\page-template\home.php on line 252
[24-Sep-2024 23:49:43 UTC] PHP Warning:  Undefined array key "reading" in C:\local.host\www\guiadeservicos\wp-content\themes\GuiaServicos\functions.php on line 477
[24-Sep-2024 23:49:43 UTC] PHP Deprecated:  stripslashes(): Passing null to parameter #1 ($string) of type string is deprecated in C:\local.host\www\guiadeservicos\wp-content\themes\GuiaServicos\functions.php on line 478
[24-Sep-2024 23:49:43 UTC] PHP Warning:  Undefined array key "reading" in C:\local.host\www\guiadeservicos\wp-content\themes\GuiaServicos\functions.php on line 477
[24-Sep-2024 23:49:43 UTC] PHP Deprecated:  stripslashes(): Passing null to parameter #1 ($string) of type string is deprecated in C:\local.host\www\guiadeservicos\wp-content\themes\GuiaServicos\functions.php on line 478
[24-Sep-2024 23:49:48 UTC] PHP Warning:  Undefined array key "reading" in C:\local.host\www\guiadeservicos\wp-content\themes\GuiaServicos\functions.php on line 477
[24-Sep-2024 23:49:48 UTC] PHP Deprecated:  stripslashes(): Passing null to parameter #1 ($string) of type string is deprecated in C:\local.host\www\guiadeservicos\wp-content\themes\GuiaServicos\functions.php on line 478
[24-Sep-2024 23:49:48 UTC] PHP Warning:  Undefined array key "reading" in C:\local.host\www\guiadeservicos\wp-content\themes\GuiaServicos\functions.php on line 477
[24-Sep-2024 23:49:48 UTC] PHP Deprecated:  stripslashes(): Passing null to parameter #1 ($string) of type string is deprecated in C:\local.host\www\guiadeservicos\wp-content\themes\GuiaServicos\functions.php on line 478
[24-Sep-2024 23:50:06 UTC] PHP Warning:  Undefined array key "reading" in C:\local.host\www\guiadeservicos\wp-content\themes\GuiaServicos\functions.php on line 477
[24-Sep-2024 23:50:06 UTC] PHP Deprecated:  stripslashes(): Passing null to parameter #1 ($string) of type string is deprecated in C:\local.host\www\guiadeservicos\wp-content\themes\GuiaServicos\functions.php on line 478
[24-Sep-2024 23:50:10 UTC] PHP Warning:  Undefined array key "reading" in C:\local.host\www\guiadeservicos\wp-content\themes\GuiaServicos\functions.php on line 477
[24-Sep-2024 23:50:10 UTC] PHP Deprecated:  stripslashes(): Passing null to parameter #1 ($string) of type string is deprecated in C:\local.host\www\guiadeservicos\wp-content\themes\GuiaServicos\functions.php on line 478
[24-Sep-2024 23:51:21 UTC] PHP Warning:  foreach() argument must be of type array|object, bool given in C:\local.host\www\guiadeservicos\wp-content\themes\GuiaServicos\page-template\home.php on line 172
[24-Sep-2024 23:51:21 UTC] PHP Warning:  foreach() argument must be of type array|object, bool given in C:\local.host\www\guiadeservicos\wp-content\themes\GuiaServicos\page-template\home.php on line 172
[24-Sep-2024 23:51:21 UTC] PHP Warning:  foreach() argument must be of type array|object, bool given in C:\local.host\www\guiadeservicos\wp-content\themes\GuiaServicos\page-template\home.php on line 172
[24-Sep-2024 23:51:21 UTC] PHP Warning:  foreach() argument must be of type array|object, bool given in C:\local.host\www\guiadeservicos\wp-content\themes\GuiaServicos\page-template\home.php on line 172
[24-Sep-2024 23:51:21 UTC] PHP Warning:  Undefined variable $countIcons in C:\local.host\www\guiadeservicos\wp-content\themes\GuiaServicos\page-template\home.php on line 252
[24-Sep-2024 23:51:27 UTC] PHP Warning:  foreach() argument must be of type array|object, bool given in C:\local.host\www\guiadeservicos\wp-content\themes\GuiaServicos\page-template\home.php on line 172
[24-Sep-2024 23:51:27 UTC] PHP Warning:  foreach() argument must be of type array|object, bool given in C:\local.host\www\guiadeservicos\wp-content\themes\GuiaServicos\page-template\home.php on line 172
[24-Sep-2024 23:51:27 UTC] PHP Warning:  foreach() argument must be of type array|object, bool given in C:\local.host\www\guiadeservicos\wp-content\themes\GuiaServicos\page-template\home.php on line 172
[24-Sep-2024 23:51:27 UTC] PHP Warning:  foreach() argument must be of type array|object, bool given in C:\local.host\www\guiadeservicos\wp-content\themes\GuiaServicos\page-template\home.php on line 172
[24-Sep-2024 23:51:27 UTC] PHP Warning:  Undefined variable $countIcons in C:\local.host\www\guiadeservicos\wp-content\themes\GuiaServicos\page-template\home.php on line 252
[24-Sep-2024 23:51:40 UTC] PHP Warning:  Undefined variable $search_query in C:\local.host\www\guiadeservicos\wp-content\themes\GuiaServicos\page-template\comercios.php on line 171
[24-Sep-2024 23:51:40 UTC] PHP Warning:  foreach() argument must be of type array|object, bool given in C:\local.host\www\guiadeservicos\wp-content\themes\GuiaServicos\page-template\comercios.php on line 262
[24-Sep-2024 23:51:40 UTC] PHP Warning:  foreach() argument must be of type array|object, bool given in C:\local.host\www\guiadeservicos\wp-content\themes\GuiaServicos\page-template\comercios.php on line 262
[24-Sep-2024 23:51:40 UTC] PHP Warning:  foreach() argument must be of type array|object, bool given in C:\local.host\www\guiadeservicos\wp-content\themes\GuiaServicos\page-template\comercios.php on line 262
[24-Sep-2024 23:51:40 UTC] PHP Warning:  foreach() argument must be of type array|object, bool given in C:\local.host\www\guiadeservicos\wp-content\themes\GuiaServicos\page-template\comercios.php on line 262
[24-Sep-2024 23:51:40 UTC] PHP Warning:  Undefined variable $countIcons in C:\local.host\www\guiadeservicos\wp-content\themes\GuiaServicos\page-template\comercios.php on line 342
[24-Sep-2024 23:51:45 UTC] PHP Warning:  Undefined variable $search_query in C:\local.host\www\guiadeservicos\wp-content\themes\GuiaServicos\page-template\comercios.php on line 171
[24-Sep-2024 23:51:45 UTC] PHP Warning:  foreach() argument must be of type array|object, bool given in C:\local.host\www\guiadeservicos\wp-content\themes\GuiaServicos\page-template\comercios.php on line 262
[24-Sep-2024 23:51:45 UTC] PHP Warning:  foreach() argument must be of type array|object, bool given in C:\local.host\www\guiadeservicos\wp-content\themes\GuiaServicos\page-template\comercios.php on line 262
[24-Sep-2024 23:51:45 UTC] PHP Warning:  foreach() argument must be of type array|object, bool given in C:\local.host\www\guiadeservicos\wp-content\themes\GuiaServicos\page-template\comercios.php on line 262
[24-Sep-2024 23:51:45 UTC] PHP Warning:  foreach() argument must be of type array|object, bool given in C:\local.host\www\guiadeservicos\wp-content\themes\GuiaServicos\page-template\comercios.php on line 262
[24-Sep-2024 23:51:45 UTC] PHP Warning:  Undefined variable $countIcons in C:\local.host\www\guiadeservicos\wp-content\themes\GuiaServicos\page-template\comercios.php on line 342
[24-Sep-2024 23:52:06 UTC] PHP Warning:  Undefined variable $search_query in C:\local.host\www\guiadeservicos\wp-content\themes\GuiaServicos\page-template\comercios.php on line 171
[24-Sep-2024 23:52:06 UTC] PHP Warning:  foreach() argument must be of type array|object, bool given in C:\local.host\www\guiadeservicos\wp-content\themes\GuiaServicos\page-template\comercios.php on line 262
[24-Sep-2024 23:52:06 UTC] PHP Warning:  foreach() argument must be of type array|object, bool given in C:\local.host\www\guiadeservicos\wp-content\themes\GuiaServicos\page-template\comercios.php on line 262
[24-Sep-2024 23:52:06 UTC] PHP Warning:  foreach() argument must be of type array|object, bool given in C:\local.host\www\guiadeservicos\wp-content\themes\GuiaServicos\page-template\comercios.php on line 262
[24-Sep-2024 23:52:06 UTC] PHP Warning:  foreach() argument must be of type array|object, bool given in C:\local.host\www\guiadeservicos\wp-content\themes\GuiaServicos\page-template\comercios.php on line 262
[24-Sep-2024 23:52:06 UTC] PHP Warning:  Undefined variable $countIcons in C:\local.host\www\guiadeservicos\wp-content\themes\GuiaServicos\page-template\comercios.php on line 342
[24-Sep-2024 23:52:09 UTC] PHP Warning:  Undefined variable $search_query in C:\local.host\www\guiadeservicos\wp-content\themes\GuiaServicos\page-template\comercios.php on line 171
[24-Sep-2024 23:52:09 UTC] PHP Warning:  foreach() argument must be of type array|object, bool given in C:\local.host\www\guiadeservicos\wp-content\themes\GuiaServicos\page-template\comercios.php on line 262
[24-Sep-2024 23:52:09 UTC] PHP Warning:  foreach() argument must be of type array|object, bool given in C:\local.host\www\guiadeservicos\wp-content\themes\GuiaServicos\page-template\comercios.php on line 262
[24-Sep-2024 23:52:09 UTC] PHP Warning:  foreach() argument must be of type array|object, bool given in C:\local.host\www\guiadeservicos\wp-content\themes\GuiaServicos\page-template\comercios.php on line 262
[24-Sep-2024 23:52:09 UTC] PHP Warning:  foreach() argument must be of type array|object, bool given in C:\local.host\www\guiadeservicos\wp-content\themes\GuiaServicos\page-template\comercios.php on line 262
[24-Sep-2024 23:52:09 UTC] PHP Warning:  Undefined variable $countIcons in C:\local.host\www\guiadeservicos\wp-content\themes\GuiaServicos\page-template\comercios.php on line 342
[24-Sep-2024 23:52:12 UTC] PHP Warning:  Undefined variable $search_query in C:\local.host\www\guiadeservicos\wp-content\themes\GuiaServicos\page-template\comercios.php on line 171
[24-Sep-2024 23:52:12 UTC] PHP Warning:  foreach() argument must be of type array|object, bool given in C:\local.host\www\guiadeservicos\wp-content\themes\GuiaServicos\page-template\comercios.php on line 262
[24-Sep-2024 23:52:12 UTC] PHP Warning:  foreach() argument must be of type array|object, bool given in C:\local.host\www\guiadeservicos\wp-content\themes\GuiaServicos\page-template\comercios.php on line 262
[24-Sep-2024 23:52:12 UTC] PHP Warning:  foreach() argument must be of type array|object, bool given in C:\local.host\www\guiadeservicos\wp-content\themes\GuiaServicos\page-template\comercios.php on line 262
[24-Sep-2024 23:52:12 UTC] PHP Warning:  foreach() argument must be of type array|object, bool given in C:\local.host\www\guiadeservicos\wp-content\themes\GuiaServicos\page-template\comercios.php on line 262
[24-Sep-2024 23:52:12 UTC] PHP Warning:  Undefined variable $countIcons in C:\local.host\www\guiadeservicos\wp-content\themes\GuiaServicos\page-template\comercios.php on line 342
[24-Sep-2024 23:52:15 UTC] PHP Warning:  Undefined variable $search_query in C:\local.host\www\guiadeservicos\wp-content\themes\GuiaServicos\page-template\comercios.php on line 171
[24-Sep-2024 23:52:15 UTC] PHP Warning:  foreach() argument must be of type array|object, bool given in C:\local.host\www\guiadeservicos\wp-content\themes\GuiaServicos\page-template\comercios.php on line 262
[24-Sep-2024 23:52:15 UTC] PHP Warning:  foreach() argument must be of type array|object, bool given in C:\local.host\www\guiadeservicos\wp-content\themes\GuiaServicos\page-template\comercios.php on line 262
[24-Sep-2024 23:52:15 UTC] PHP Warning:  foreach() argument must be of type array|object, bool given in C:\local.host\www\guiadeservicos\wp-content\themes\GuiaServicos\page-template\comercios.php on line 262
[24-Sep-2024 23:52:15 UTC] PHP Warning:  foreach() argument must be of type array|object, bool given in C:\local.host\www\guiadeservicos\wp-content\themes\GuiaServicos\page-template\comercios.php on line 262
[24-Sep-2024 23:52:15 UTC] PHP Warning:  Undefined variable $countIcons in C:\local.host\www\guiadeservicos\wp-content\themes\GuiaServicos\page-template\comercios.php on line 342
[24-Sep-2024 23:53:09 UTC] PHP Warning:  Undefined variable $search_query in C:\local.host\www\guiadeservicos\wp-content\themes\GuiaServicos\page-template\comercios.php on line 171
[24-Sep-2024 23:53:09 UTC] PHP Warning:  foreach() argument must be of type array|object, bool given in C:\local.host\www\guiadeservicos\wp-content\themes\GuiaServicos\page-template\comercios.php on line 262
[24-Sep-2024 23:53:09 UTC] PHP Warning:  foreach() argument must be of type array|object, bool given in C:\local.host\www\guiadeservicos\wp-content\themes\GuiaServicos\page-template\comercios.php on line 262
[24-Sep-2024 23:53:09 UTC] PHP Warning:  foreach() argument must be of type array|object, bool given in C:\local.host\www\guiadeservicos\wp-content\themes\GuiaServicos\page-template\comercios.php on line 262
[24-Sep-2024 23:53:09 UTC] PHP Warning:  foreach() argument must be of type array|object, bool given in C:\local.host\www\guiadeservicos\wp-content\themes\GuiaServicos\page-template\comercios.php on line 262
[24-Sep-2024 23:53:09 UTC] PHP Warning:  Undefined variable $countIcons in C:\local.host\www\guiadeservicos\wp-content\themes\GuiaServicos\page-template\comercios.php on line 342
[24-Sep-2024 23:53:15 UTC] PHP Warning:  Undefined variable $search_query in C:\local.host\www\guiadeservicos\wp-content\themes\GuiaServicos\page-template\comercios.php on line 171
[24-Sep-2024 23:53:15 UTC] PHP Warning:  foreach() argument must be of type array|object, bool given in C:\local.host\www\guiadeservicos\wp-content\themes\GuiaServicos\page-template\comercios.php on line 262
[24-Sep-2024 23:53:15 UTC] PHP Warning:  foreach() argument must be of type array|object, bool given in C:\local.host\www\guiadeservicos\wp-content\themes\GuiaServicos\page-template\comercios.php on line 262
[24-Sep-2024 23:53:15 UTC] PHP Warning:  foreach() argument must be of type array|object, bool given in C:\local.host\www\guiadeservicos\wp-content\themes\GuiaServicos\page-template\comercios.php on line 262
[24-Sep-2024 23:53:15 UTC] PHP Warning:  foreach() argument must be of type array|object, bool given in C:\local.host\www\guiadeservicos\wp-content\themes\GuiaServicos\page-template\comercios.php on line 262
[24-Sep-2024 23:53:15 UTC] PHP Warning:  Undefined variable $countIcons in C:\local.host\www\guiadeservicos\wp-content\themes\GuiaServicos\page-template\comercios.php on line 342
[24-Sep-2024 23:55:06 UTC] PHP Warning:  Undefined variable $search_query in C:\local.host\www\guiadeservicos\wp-content\themes\GuiaServicos\page-template\comercios.php on line 171
[24-Sep-2024 23:55:06 UTC] PHP Warning:  foreach() argument must be of type array|object, bool given in C:\local.host\www\guiadeservicos\wp-content\themes\GuiaServicos\page-template\comercios.php on line 262
[24-Sep-2024 23:55:06 UTC] PHP Warning:  foreach() argument must be of type array|object, bool given in C:\local.host\www\guiadeservicos\wp-content\themes\GuiaServicos\page-template\comercios.php on line 262
[24-Sep-2024 23:55:06 UTC] PHP Warning:  foreach() argument must be of type array|object, bool given in C:\local.host\www\guiadeservicos\wp-content\themes\GuiaServicos\page-template\comercios.php on line 262
[24-Sep-2024 23:55:06 UTC] PHP Warning:  foreach() argument must be of type array|object, bool given in C:\local.host\www\guiadeservicos\wp-content\themes\GuiaServicos\page-template\comercios.php on line 262
[24-Sep-2024 23:55:06 UTC] PHP Warning:  Undefined variable $countIcons in C:\local.host\www\guiadeservicos\wp-content\themes\GuiaServicos\page-template\comercios.php on line 342
[24-Sep-2024 23:55:07 UTC] PHP Warning:  Undefined variable $search_query in C:\local.host\www\guiadeservicos\wp-content\themes\GuiaServicos\page-template\comercios.php on line 171
[24-Sep-2024 23:55:07 UTC] PHP Warning:  foreach() argument must be of type array|object, bool given in C:\local.host\www\guiadeservicos\wp-content\themes\GuiaServicos\page-template\comercios.php on line 262
[24-Sep-2024 23:55:07 UTC] PHP Warning:  foreach() argument must be of type array|object, bool given in C:\local.host\www\guiadeservicos\wp-content\themes\GuiaServicos\page-template\comercios.php on line 262
[24-Sep-2024 23:55:07 UTC] PHP Warning:  foreach() argument must be of type array|object, bool given in C:\local.host\www\guiadeservicos\wp-content\themes\GuiaServicos\page-template\comercios.php on line 262
[24-Sep-2024 23:55:07 UTC] PHP Warning:  foreach() argument must be of type array|object, bool given in C:\local.host\www\guiadeservicos\wp-content\themes\GuiaServicos\page-template\comercios.php on line 262
[24-Sep-2024 23:55:07 UTC] PHP Warning:  Undefined variable $countIcons in C:\local.host\www\guiadeservicos\wp-content\themes\GuiaServicos\page-template\comercios.php on line 342
[24-Sep-2024 23:55:13 UTC] PHP Warning:  Undefined variable $search_query in C:\local.host\www\guiadeservicos\wp-content\themes\GuiaServicos\page-template\comercios.php on line 171
[24-Sep-2024 23:55:13 UTC] PHP Warning:  foreach() argument must be of type array|object, bool given in C:\local.host\www\guiadeservicos\wp-content\themes\GuiaServicos\page-template\comercios.php on line 262
[24-Sep-2024 23:55:13 UTC] PHP Warning:  foreach() argument must be of type array|object, bool given in C:\local.host\www\guiadeservicos\wp-content\themes\GuiaServicos\page-template\comercios.php on line 262
[24-Sep-2024 23:55:13 UTC] PHP Warning:  foreach() argument must be of type array|object, bool given in C:\local.host\www\guiadeservicos\wp-content\themes\GuiaServicos\page-template\comercios.php on line 262
[24-Sep-2024 23:55:13 UTC] PHP Warning:  foreach() argument must be of type array|object, bool given in C:\local.host\www\guiadeservicos\wp-content\themes\GuiaServicos\page-template\comercios.php on line 262
[24-Sep-2024 23:55:13 UTC] PHP Warning:  Undefined variable $countIcons in C:\local.host\www\guiadeservicos\wp-content\themes\GuiaServicos\page-template\comercios.php on line 342
[24-Sep-2024 23:55:15 UTC] PHP Warning:  Undefined variable $search_query in C:\local.host\www\guiadeservicos\wp-content\themes\GuiaServicos\page-template\comercios.php on line 171
[24-Sep-2024 23:55:15 UTC] PHP Warning:  foreach() argument must be of type array|object, bool given in C:\local.host\www\guiadeservicos\wp-content\themes\GuiaServicos\page-template\comercios.php on line 262
[24-Sep-2024 23:55:15 UTC] PHP Warning:  foreach() argument must be of type array|object, bool given in C:\local.host\www\guiadeservicos\wp-content\themes\GuiaServicos\page-template\comercios.php on line 262
[24-Sep-2024 23:55:15 UTC] PHP Warning:  foreach() argument must be of type array|object, bool given in C:\local.host\www\guiadeservicos\wp-content\themes\GuiaServicos\page-template\comercios.php on line 262
[24-Sep-2024 23:55:15 UTC] PHP Warning:  foreach() argument must be of type array|object, bool given in C:\local.host\www\guiadeservicos\wp-content\themes\GuiaServicos\page-template\comercios.php on line 262
[24-Sep-2024 23:55:15 UTC] PHP Warning:  Undefined variable $countIcons in C:\local.host\www\guiadeservicos\wp-content\themes\GuiaServicos\page-template\comercios.php on line 342
[24-Sep-2024 23:55:52 UTC] PHP Warning:  Undefined variable $search_query in C:\local.host\www\guiadeservicos\wp-content\themes\GuiaServicos\page-template\comercios.php on line 171
[24-Sep-2024 23:55:52 UTC] PHP Warning:  foreach() argument must be of type array|object, bool given in C:\local.host\www\guiadeservicos\wp-content\themes\GuiaServicos\page-template\comercios.php on line 262
[24-Sep-2024 23:55:52 UTC] PHP Warning:  foreach() argument must be of type array|object, bool given in C:\local.host\www\guiadeservicos\wp-content\themes\GuiaServicos\page-template\comercios.php on line 262
[24-Sep-2024 23:55:52 UTC] PHP Warning:  foreach() argument must be of type array|object, bool given in C:\local.host\www\guiadeservicos\wp-content\themes\GuiaServicos\page-template\comercios.php on line 262
[24-Sep-2024 23:55:52 UTC] PHP Warning:  foreach() argument must be of type array|object, bool given in C:\local.host\www\guiadeservicos\wp-content\themes\GuiaServicos\page-template\comercios.php on line 262
[24-Sep-2024 23:55:52 UTC] PHP Warning:  Undefined variable $countIcons in C:\local.host\www\guiadeservicos\wp-content\themes\GuiaServicos\page-template\comercios.php on line 342
[24-Sep-2024 23:55:53 UTC] PHP Warning:  Undefined variable $search_query in C:\local.host\www\guiadeservicos\wp-content\themes\GuiaServicos\page-template\comercios.php on line 171
[24-Sep-2024 23:55:53 UTC] PHP Warning:  foreach() argument must be of type array|object, bool given in C:\local.host\www\guiadeservicos\wp-content\themes\GuiaServicos\page-template\comercios.php on line 262
[24-Sep-2024 23:55:53 UTC] PHP Warning:  foreach() argument must be of type array|object, bool given in C:\local.host\www\guiadeservicos\wp-content\themes\GuiaServicos\page-template\comercios.php on line 262
[24-Sep-2024 23:55:53 UTC] PHP Warning:  foreach() argument must be of type array|object, bool given in C:\local.host\www\guiadeservicos\wp-content\themes\GuiaServicos\page-template\comercios.php on line 262
[24-Sep-2024 23:55:53 UTC] PHP Warning:  foreach() argument must be of type array|object, bool given in C:\local.host\www\guiadeservicos\wp-content\themes\GuiaServicos\page-template\comercios.php on line 262
[24-Sep-2024 23:55:53 UTC] PHP Warning:  Undefined variable $countIcons in C:\local.host\www\guiadeservicos\wp-content\themes\GuiaServicos\page-template\comercios.php on line 342
[24-Sep-2024 23:55:55 UTC] PHP Warning:  Undefined variable $search_query in C:\local.host\www\guiadeservicos\wp-content\themes\GuiaServicos\page-template\comercios.php on line 171
[24-Sep-2024 23:55:55 UTC] PHP Warning:  foreach() argument must be of type array|object, bool given in C:\local.host\www\guiadeservicos\wp-content\themes\GuiaServicos\page-template\comercios.php on line 262
[24-Sep-2024 23:55:55 UTC] PHP Warning:  foreach() argument must be of type array|object, bool given in C:\local.host\www\guiadeservicos\wp-content\themes\GuiaServicos\page-template\comercios.php on line 262
[24-Sep-2024 23:55:55 UTC] PHP Warning:  foreach() argument must be of type array|object, bool given in C:\local.host\www\guiadeservicos\wp-content\themes\GuiaServicos\page-template\comercios.php on line 262
[24-Sep-2024 23:55:55 UTC] PHP Warning:  foreach() argument must be of type array|object, bool given in C:\local.host\www\guiadeservicos\wp-content\themes\GuiaServicos\page-template\comercios.php on line 262
[24-Sep-2024 23:55:55 UTC] PHP Warning:  Undefined variable $countIcons in C:\local.host\www\guiadeservicos\wp-content\themes\GuiaServicos\page-template\comercios.php on line 342
[24-Sep-2024 23:56:29 UTC] PHP Warning:  Undefined variable $search_query in C:\local.host\www\guiadeservicos\wp-content\themes\GuiaServicos\page-template\comercios.php on line 171
[24-Sep-2024 23:56:29 UTC] PHP Warning:  foreach() argument must be of type array|object, bool given in C:\local.host\www\guiadeservicos\wp-content\themes\GuiaServicos\page-template\comercios.php on line 262
[24-Sep-2024 23:56:29 UTC] PHP Warning:  foreach() argument must be of type array|object, bool given in C:\local.host\www\guiadeservicos\wp-content\themes\GuiaServicos\page-template\comercios.php on line 262
[24-Sep-2024 23:56:29 UTC] PHP Warning:  foreach() argument must be of type array|object, bool given in C:\local.host\www\guiadeservicos\wp-content\themes\GuiaServicos\page-template\comercios.php on line 262
[24-Sep-2024 23:56:29 UTC] PHP Warning:  foreach() argument must be of type array|object, bool given in C:\local.host\www\guiadeservicos\wp-content\themes\GuiaServicos\page-template\comercios.php on line 262
[24-Sep-2024 23:56:29 UTC] PHP Warning:  Undefined variable $countIcons in C:\local.host\www\guiadeservicos\wp-content\themes\GuiaServicos\page-template\comercios.php on line 342
[24-Sep-2024 23:56:32 UTC] PHP Warning:  Undefined variable $search_query in C:\local.host\www\guiadeservicos\wp-content\themes\GuiaServicos\page-template\comercios.php on line 171
[24-Sep-2024 23:56:32 UTC] PHP Warning:  foreach() argument must be of type array|object, bool given in C:\local.host\www\guiadeservicos\wp-content\themes\GuiaServicos\page-template\comercios.php on line 262
[24-Sep-2024 23:56:32 UTC] PHP Warning:  foreach() argument must be of type array|object, bool given in C:\local.host\www\guiadeservicos\wp-content\themes\GuiaServicos\page-template\comercios.php on line 262
[24-Sep-2024 23:56:32 UTC] PHP Warning:  foreach() argument must be of type array|object, bool given in C:\local.host\www\guiadeservicos\wp-content\themes\GuiaServicos\page-template\comercios.php on line 262
[24-Sep-2024 23:56:32 UTC] PHP Warning:  foreach() argument must be of type array|object, bool given in C:\local.host\www\guiadeservicos\wp-content\themes\GuiaServicos\page-template\comercios.php on line 262
[24-Sep-2024 23:56:32 UTC] PHP Warning:  Undefined variable $countIcons in C:\local.host\www\guiadeservicos\wp-content\themes\GuiaServicos\page-template\comercios.php on line 342
[24-Sep-2024 23:56:33 UTC] PHP Warning:  Undefined variable $search_query in C:\local.host\www\guiadeservicos\wp-content\themes\GuiaServicos\page-template\comercios.php on line 171
[24-Sep-2024 23:56:33 UTC] PHP Warning:  foreach() argument must be of type array|object, bool given in C:\local.host\www\guiadeservicos\wp-content\themes\GuiaServicos\page-template\comercios.php on line 262
[24-Sep-2024 23:56:33 UTC] PHP Warning:  foreach() argument must be of type array|object, bool given in C:\local.host\www\guiadeservicos\wp-content\themes\GuiaServicos\page-template\comercios.php on line 262
[24-Sep-2024 23:56:33 UTC] PHP Warning:  foreach() argument must be of type array|object, bool given in C:\local.host\www\guiadeservicos\wp-content\themes\GuiaServicos\page-template\comercios.php on line 262
[24-Sep-2024 23:56:33 UTC] PHP Warning:  foreach() argument must be of type array|object, bool given in C:\local.host\www\guiadeservicos\wp-content\themes\GuiaServicos\page-template\comercios.php on line 262
[24-Sep-2024 23:56:33 UTC] PHP Warning:  Undefined variable $countIcons in C:\local.host\www\guiadeservicos\wp-content\themes\GuiaServicos\page-template\comercios.php on line 342
[24-Sep-2024 23:57:20 UTC] PHP Warning:  Undefined variable $search_query in C:\local.host\www\guiadeservicos\wp-content\themes\GuiaServicos\page-template\comercios.php on line 171
[24-Sep-2024 23:57:20 UTC] PHP Warning:  foreach() argument must be of type array|object, bool given in C:\local.host\www\guiadeservicos\wp-content\themes\GuiaServicos\page-template\comercios.php on line 262
[24-Sep-2024 23:57:20 UTC] PHP Warning:  foreach() argument must be of type array|object, bool given in C:\local.host\www\guiadeservicos\wp-content\themes\GuiaServicos\page-template\comercios.php on line 262
[24-Sep-2024 23:57:20 UTC] PHP Warning:  foreach() argument must be of type array|object, bool given in C:\local.host\www\guiadeservicos\wp-content\themes\GuiaServicos\page-template\comercios.php on line 262
[24-Sep-2024 23:57:20 UTC] PHP Warning:  foreach() argument must be of type array|object, bool given in C:\local.host\www\guiadeservicos\wp-content\themes\GuiaServicos\page-template\comercios.php on line 262
[24-Sep-2024 23:57:20 UTC] PHP Warning:  Undefined variable $countIcons in C:\local.host\www\guiadeservicos\wp-content\themes\GuiaServicos\page-template\comercios.php on line 342
[24-Sep-2024 23:57:25 UTC] PHP Warning:  Undefined variable $search_query in C:\local.host\www\guiadeservicos\wp-content\themes\GuiaServicos\page-template\comercios.php on line 171
[24-Sep-2024 23:57:25 UTC] PHP Warning:  foreach() argument must be of type array|object, bool given in C:\local.host\www\guiadeservicos\wp-content\themes\GuiaServicos\page-template\comercios.php on line 262
[24-Sep-2024 23:57:25 UTC] PHP Warning:  foreach() argument must be of type array|object, bool given in C:\local.host\www\guiadeservicos\wp-content\themes\GuiaServicos\page-template\comercios.php on line 262
[24-Sep-2024 23:57:25 UTC] PHP Warning:  foreach() argument must be of type array|object, bool given in C:\local.host\www\guiadeservicos\wp-content\themes\GuiaServicos\page-template\comercios.php on line 262
[24-Sep-2024 23:57:25 UTC] PHP Warning:  foreach() argument must be of type array|object, bool given in C:\local.host\www\guiadeservicos\wp-content\themes\GuiaServicos\page-template\comercios.php on line 262
[24-Sep-2024 23:57:25 UTC] PHP Warning:  Undefined variable $countIcons in C:\local.host\www\guiadeservicos\wp-content\themes\GuiaServicos\page-template\comercios.php on line 342
[24-Sep-2024 23:57:27 UTC] PHP Warning:  Undefined variable $search_query in C:\local.host\www\guiadeservicos\wp-content\themes\GuiaServicos\page-template\comercios.php on line 171
[24-Sep-2024 23:57:27 UTC] PHP Warning:  foreach() argument must be of type array|object, bool given in C:\local.host\www\guiadeservicos\wp-content\themes\GuiaServicos\page-template\comercios.php on line 262
[24-Sep-2024 23:57:27 UTC] PHP Warning:  foreach() argument must be of type array|object, bool given in C:\local.host\www\guiadeservicos\wp-content\themes\GuiaServicos\page-template\comercios.php on line 262
[24-Sep-2024 23:57:27 UTC] PHP Warning:  foreach() argument must be of type array|object, bool given in C:\local.host\www\guiadeservicos\wp-content\themes\GuiaServicos\page-template\comercios.php on line 262
[24-Sep-2024 23:57:27 UTC] PHP Warning:  foreach() argument must be of type array|object, bool given in C:\local.host\www\guiadeservicos\wp-content\themes\GuiaServicos\page-template\comercios.php on line 262
[24-Sep-2024 23:57:27 UTC] PHP Warning:  Undefined variable $countIcons in C:\local.host\www\guiadeservicos\wp-content\themes\GuiaServicos\page-template\comercios.php on line 342
[24-Sep-2024 23:57:29 UTC] PHP Warning:  Undefined variable $search_query in C:\local.host\www\guiadeservicos\wp-content\themes\GuiaServicos\page-template\comercios.php on line 171
[24-Sep-2024 23:57:29 UTC] PHP Warning:  foreach() argument must be of type array|object, bool given in C:\local.host\www\guiadeservicos\wp-content\themes\GuiaServicos\page-template\comercios.php on line 262
[24-Sep-2024 23:57:29 UTC] PHP Warning:  foreach() argument must be of type array|object, bool given in C:\local.host\www\guiadeservicos\wp-content\themes\GuiaServicos\page-template\comercios.php on line 262
[24-Sep-2024 23:57:29 UTC] PHP Warning:  foreach() argument must be of type array|object, bool given in C:\local.host\www\guiadeservicos\wp-content\themes\GuiaServicos\page-template\comercios.php on line 262
[24-Sep-2024 23:57:29 UTC] PHP Warning:  foreach() argument must be of type array|object, bool given in C:\local.host\www\guiadeservicos\wp-content\themes\GuiaServicos\page-template\comercios.php on line 262
[24-Sep-2024 23:57:29 UTC] PHP Warning:  Undefined variable $countIcons in C:\local.host\www\guiadeservicos\wp-content\themes\GuiaServicos\page-template\comercios.php on line 342
[24-Sep-2024 23:58:49 UTC] PHP Warning:  Undefined variable $search_query in C:\local.host\www\guiadeservicos\wp-content\themes\GuiaServicos\page-template\comercios.php on line 171
[24-Sep-2024 23:58:49 UTC] PHP Warning:  foreach() argument must be of type array|object, bool given in C:\local.host\www\guiadeservicos\wp-content\themes\GuiaServicos\page-template\comercios.php on line 262
[24-Sep-2024 23:58:49 UTC] PHP Warning:  foreach() argument must be of type array|object, bool given in C:\local.host\www\guiadeservicos\wp-content\themes\GuiaServicos\page-template\comercios.php on line 262
[24-Sep-2024 23:58:49 UTC] PHP Warning:  foreach() argument must be of type array|object, bool given in C:\local.host\www\guiadeservicos\wp-content\themes\GuiaServicos\page-template\comercios.php on line 262
[24-Sep-2024 23:58:49 UTC] PHP Warning:  foreach() argument must be of type array|object, bool given in C:\local.host\www\guiadeservicos\wp-content\themes\GuiaServicos\page-template\comercios.php on line 262
[24-Sep-2024 23:58:49 UTC] PHP Warning:  Undefined variable $countIcons in C:\local.host\www\guiadeservicos\wp-content\themes\GuiaServicos\page-template\comercios.php on line 342
[24-Sep-2024 23:58:55 UTC] PHP Warning:  Undefined variable $search_query in C:\local.host\www\guiadeservicos\wp-content\themes\GuiaServicos\page-template\comercios.php on line 171
[24-Sep-2024 23:58:55 UTC] PHP Warning:  foreach() argument must be of type array|object, bool given in C:\local.host\www\guiadeservicos\wp-content\themes\GuiaServicos\page-template\comercios.php on line 262
[24-Sep-2024 23:58:55 UTC] PHP Warning:  foreach() argument must be of type array|object, bool given in C:\local.host\www\guiadeservicos\wp-content\themes\GuiaServicos\page-template\comercios.php on line 262
[24-Sep-2024 23:58:55 UTC] PHP Warning:  foreach() argument must be of type array|object, bool given in C:\local.host\www\guiadeservicos\wp-content\themes\GuiaServicos\page-template\comercios.php on line 262
[24-Sep-2024 23:58:55 UTC] PHP Warning:  foreach() argument must be of type array|object, bool given in C:\local.host\www\guiadeservicos\wp-content\themes\GuiaServicos\page-template\comercios.php on line 262
[24-Sep-2024 23:58:55 UTC] PHP Warning:  Undefined variable $countIcons in C:\local.host\www\guiadeservicos\wp-content\themes\GuiaServicos\page-template\comercios.php on line 342
[24-Sep-2024 23:59:01 UTC] PHP Warning:  Undefined variable $search_query in C:\local.host\www\guiadeservicos\wp-content\themes\GuiaServicos\page-template\comercios.php on line 171
[24-Sep-2024 23:59:01 UTC] PHP Warning:  foreach() argument must be of type array|object, bool given in C:\local.host\www\guiadeservicos\wp-content\themes\GuiaServicos\page-template\comercios.php on line 262
[24-Sep-2024 23:59:01 UTC] PHP Warning:  foreach() argument must be of type array|object, bool given in C:\local.host\www\guiadeservicos\wp-content\themes\GuiaServicos\page-template\comercios.php on line 262
[24-Sep-2024 23:59:01 UTC] PHP Warning:  foreach() argument must be of type array|object, bool given in C:\local.host\www\guiadeservicos\wp-content\themes\GuiaServicos\page-template\comercios.php on line 262
[24-Sep-2024 23:59:01 UTC] PHP Warning:  foreach() argument must be of type array|object, bool given in C:\local.host\www\guiadeservicos\wp-content\themes\GuiaServicos\page-template\comercios.php on line 262
[24-Sep-2024 23:59:01 UTC] PHP Warning:  Undefined variable $countIcons in C:\local.host\www\guiadeservicos\wp-content\themes\GuiaServicos\page-template\comercios.php on line 342
[24-Sep-2024 23:59:02 UTC] PHP Warning:  Undefined variable $search_query in C:\local.host\www\guiadeservicos\wp-content\themes\GuiaServicos\page-template\comercios.php on line 171
[24-Sep-2024 23:59:02 UTC] PHP Warning:  foreach() argument must be of type array|object, bool given in C:\local.host\www\guiadeservicos\wp-content\themes\GuiaServicos\page-template\comercios.php on line 262
[24-Sep-2024 23:59:02 UTC] PHP Warning:  foreach() argument must be of type array|object, bool given in C:\local.host\www\guiadeservicos\wp-content\themes\GuiaServicos\page-template\comercios.php on line 262
[24-Sep-2024 23:59:02 UTC] PHP Warning:  foreach() argument must be of type array|object, bool given in C:\local.host\www\guiadeservicos\wp-content\themes\GuiaServicos\page-template\comercios.php on line 262
[24-Sep-2024 23:59:02 UTC] PHP Warning:  foreach() argument must be of type array|object, bool given in C:\local.host\www\guiadeservicos\wp-content\themes\GuiaServicos\page-template\comercios.php on line 262
[24-Sep-2024 23:59:02 UTC] PHP Warning:  Undefined variable $countIcons in C:\local.host\www\guiadeservicos\wp-content\themes\GuiaServicos\page-template\comercios.php on line 342
[24-Sep-2024 23:59:49 UTC] PHP Warning:  Undefined variable $search_query in C:\local.host\www\guiadeservicos\wp-content\themes\GuiaServicos\page-template\comercios.php on line 171
[24-Sep-2024 23:59:49 UTC] PHP Warning:  foreach() argument must be of type array|object, bool given in C:\local.host\www\guiadeservicos\wp-content\themes\GuiaServicos\page-template\comercios.php on line 262
[24-Sep-2024 23:59:49 UTC] PHP Warning:  foreach() argument must be of type array|object, bool given in C:\local.host\www\guiadeservicos\wp-content\themes\GuiaServicos\page-template\comercios.php on line 262
[24-Sep-2024 23:59:49 UTC] PHP Warning:  foreach() argument must be of type array|object, bool given in C:\local.host\www\guiadeservicos\wp-content\themes\GuiaServicos\page-template\comercios.php on line 262
[24-Sep-2024 23:59:49 UTC] PHP Warning:  foreach() argument must be of type array|object, bool given in C:\local.host\www\guiadeservicos\wp-content\themes\GuiaServicos\page-template\comercios.php on line 262
[24-Sep-2024 23:59:49 UTC] PHP Warning:  Undefined variable $countIcons in C:\local.host\www\guiadeservicos\wp-content\themes\GuiaServicos\page-template\comercios.php on line 342
[24-Sep-2024 23:59:54 UTC] PHP Warning:  Undefined variable $search_query in C:\local.host\www\guiadeservicos\wp-content\themes\GuiaServicos\page-template\comercios.php on line 171
[24-Sep-2024 23:59:54 UTC] PHP Warning:  foreach() argument must be of type array|object, bool given in C:\local.host\www\guiadeservicos\wp-content\themes\GuiaServicos\page-template\comercios.php on line 262
[24-Sep-2024 23:59:54 UTC] PHP Warning:  foreach() argument must be of type array|object, bool given in C:\local.host\www\guiadeservicos\wp-content\themes\GuiaServicos\page-template\comercios.php on line 262
[24-Sep-2024 23:59:54 UTC] PHP Warning:  foreach() argument must be of type array|object, bool given in C:\local.host\www\guiadeservicos\wp-content\themes\GuiaServicos\page-template\comercios.php on line 262
[24-Sep-2024 23:59:54 UTC] PHP Warning:  foreach() argument must be of type array|object, bool given in C:\local.host\www\guiadeservicos\wp-content\themes\GuiaServicos\page-template\comercios.php on line 262
[24-Sep-2024 23:59:54 UTC] PHP Warning:  Undefined variable $countIcons in C:\local.host\www\guiadeservicos\wp-content\themes\GuiaServicos\page-template\comercios.php on line 342
[25-Sep-2024 00:00:04 UTC] PHP Warning:  Undefined variable $search_query in C:\local.host\www\guiadeservicos\wp-content\themes\GuiaServicos\page-template\comercios.php on line 171
[25-Sep-2024 00:00:04 UTC] PHP Warning:  foreach() argument must be of type array|object, bool given in C:\local.host\www\guiadeservicos\wp-content\themes\GuiaServicos\page-template\comercios.php on line 262
[25-Sep-2024 00:00:04 UTC] PHP Warning:  foreach() argument must be of type array|object, bool given in C:\local.host\www\guiadeservicos\wp-content\themes\GuiaServicos\page-template\comercios.php on line 262
[25-Sep-2024 00:00:04 UTC] PHP Warning:  foreach() argument must be of type array|object, bool given in C:\local.host\www\guiadeservicos\wp-content\themes\GuiaServicos\page-template\comercios.php on line 262
[25-Sep-2024 00:00:04 UTC] PHP Warning:  foreach() argument must be of type array|object, bool given in C:\local.host\www\guiadeservicos\wp-content\themes\GuiaServicos\page-template\comercios.php on line 262
[25-Sep-2024 00:00:04 UTC] PHP Warning:  Undefined variable $countIcons in C:\local.host\www\guiadeservicos\wp-content\themes\GuiaServicos\page-template\comercios.php on line 342
[25-Sep-2024 00:00:12 UTC] PHP Warning:  Undefined variable $search_query in C:\local.host\www\guiadeservicos\wp-content\themes\GuiaServicos\page-template\comercios.php on line 171
[25-Sep-2024 00:00:12 UTC] PHP Warning:  foreach() argument must be of type array|object, bool given in C:\local.host\www\guiadeservicos\wp-content\themes\GuiaServicos\page-template\comercios.php on line 262
[25-Sep-2024 00:00:12 UTC] PHP Warning:  foreach() argument must be of type array|object, bool given in C:\local.host\www\guiadeservicos\wp-content\themes\GuiaServicos\page-template\comercios.php on line 262
[25-Sep-2024 00:00:12 UTC] PHP Warning:  foreach() argument must be of type array|object, bool given in C:\local.host\www\guiadeservicos\wp-content\themes\GuiaServicos\page-template\comercios.php on line 262
[25-Sep-2024 00:00:12 UTC] PHP Warning:  foreach() argument must be of type array|object, bool given in C:\local.host\www\guiadeservicos\wp-content\themes\GuiaServicos\page-template\comercios.php on line 262
[25-Sep-2024 00:00:12 UTC] PHP Warning:  Undefined variable $countIcons in C:\local.host\www\guiadeservicos\wp-content\themes\GuiaServicos\page-template\comercios.php on line 342
[25-Sep-2024 00:00:27 UTC] PHP Warning:  Undefined variable $search_query in C:\local.host\www\guiadeservicos\wp-content\themes\GuiaServicos\page-template\comercios.php on line 171
[25-Sep-2024 00:00:27 UTC] PHP Warning:  foreach() argument must be of type array|object, bool given in C:\local.host\www\guiadeservicos\wp-content\themes\GuiaServicos\page-template\comercios.php on line 262
[25-Sep-2024 00:00:27 UTC] PHP Warning:  foreach() argument must be of type array|object, bool given in C:\local.host\www\guiadeservicos\wp-content\themes\GuiaServicos\page-template\comercios.php on line 262
[25-Sep-2024 00:00:27 UTC] PHP Warning:  foreach() argument must be of type array|object, bool given in C:\local.host\www\guiadeservicos\wp-content\themes\GuiaServicos\page-template\comercios.php on line 262
[25-Sep-2024 00:00:27 UTC] PHP Warning:  foreach() argument must be of type array|object, bool given in C:\local.host\www\guiadeservicos\wp-content\themes\GuiaServicos\page-template\comercios.php on line 262
[25-Sep-2024 00:00:27 UTC] PHP Warning:  Undefined variable $countIcons in C:\local.host\www\guiadeservicos\wp-content\themes\GuiaServicos\page-template\comercios.php on line 342
[25-Sep-2024 00:00:31 UTC] PHP Warning:  Undefined variable $search_query in C:\local.host\www\guiadeservicos\wp-content\themes\GuiaServicos\page-template\comercios.php on line 171
[25-Sep-2024 00:00:31 UTC] PHP Warning:  foreach() argument must be of type array|object, bool given in C:\local.host\www\guiadeservicos\wp-content\themes\GuiaServicos\page-template\comercios.php on line 262
[25-Sep-2024 00:00:31 UTC] PHP Warning:  foreach() argument must be of type array|object, bool given in C:\local.host\www\guiadeservicos\wp-content\themes\GuiaServicos\page-template\comercios.php on line 262
[25-Sep-2024 00:00:31 UTC] PHP Warning:  foreach() argument must be of type array|object, bool given in C:\local.host\www\guiadeservicos\wp-content\themes\GuiaServicos\page-template\comercios.php on line 262
[25-Sep-2024 00:00:31 UTC] PHP Warning:  foreach() argument must be of type array|object, bool given in C:\local.host\www\guiadeservicos\wp-content\themes\GuiaServicos\page-template\comercios.php on line 262
[25-Sep-2024 00:00:31 UTC] PHP Warning:  Undefined variable $countIcons in C:\local.host\www\guiadeservicos\wp-content\themes\GuiaServicos\page-template\comercios.php on line 342
[25-Sep-2024 00:02:25 UTC] PHP Warning:  Undefined variable $countIcons in C:\local.host\www\guiadeservicos\wp-content\themes\GuiaServicos\page-template\comercios.php on line 342
[25-Sep-2024 00:02:29 UTC] PHP Warning:  Undefined variable $countIcons in C:\local.host\www\guiadeservicos\wp-content\themes\GuiaServicos\page-template\comercios.php on line 342
[25-Sep-2024 00:03:03 UTC] PHP Warning:  Undefined variable $class in C:\local.host\www\guiadeservicos\wp-content\themes\GuiaServicos\single-comercios.php on line 42
[25-Sep-2024 00:03:03 UTC] PHP Warning:  Undefined variable $categoria in C:\local.host\www\guiadeservicos\wp-content\themes\GuiaServicos\single-comercios.php on line 43
[25-Sep-2024 00:03:03 UTC] PHP Warning:  foreach() argument must be of type array|object, bool given in C:\local.host\www\guiadeservicos\wp-content\themes\GuiaServicos\single-comercios.php on line 232
[25-Sep-2024 00:03:07 UTC] PHP Warning:  Undefined variable $class in C:\local.host\www\guiadeservicos\wp-content\themes\GuiaServicos\single-comercios.php on line 42
[25-Sep-2024 00:03:07 UTC] PHP Warning:  Undefined variable $categoria in C:\local.host\www\guiadeservicos\wp-content\themes\GuiaServicos\single-comercios.php on line 43
[25-Sep-2024 00:03:07 UTC] PHP Warning:  foreach() argument must be of type array|object, bool given in C:\local.host\www\guiadeservicos\wp-content\themes\GuiaServicos\single-comercios.php on line 232
[25-Sep-2024 00:03:09 UTC] PHP Warning:  Undefined variable $class in C:\local.host\www\guiadeservicos\wp-content\themes\GuiaServicos\single-comercios.php on line 42
[25-Sep-2024 00:03:09 UTC] PHP Warning:  Undefined variable $categoria in C:\local.host\www\guiadeservicos\wp-content\themes\GuiaServicos\single-comercios.php on line 43
[25-Sep-2024 00:03:09 UTC] PHP Warning:  foreach() argument must be of type array|object, bool given in C:\local.host\www\guiadeservicos\wp-content\themes\GuiaServicos\single-comercios.php on line 232
[25-Sep-2024 00:03:14 UTC] PHP Warning:  Undefined variable $class in C:\local.host\www\guiadeservicos\wp-content\themes\GuiaServicos\single-comercios.php on line 42
[25-Sep-2024 00:03:14 UTC] PHP Warning:  Undefined variable $categoria in C:\local.host\www\guiadeservicos\wp-content\themes\GuiaServicos\single-comercios.php on line 43
[25-Sep-2024 00:03:14 UTC] PHP Warning:  foreach() argument must be of type array|object, bool given in C:\local.host\www\guiadeservicos\wp-content\themes\GuiaServicos\single-comercios.php on line 232
[25-Sep-2024 00:04:25 UTC] PHP Warning:  Undefined variable $class in C:\local.host\www\guiadeservicos\wp-content\themes\GuiaServicos\single-comercios.php on line 42
[25-Sep-2024 00:04:25 UTC] PHP Warning:  Undefined variable $categoria in C:\local.host\www\guiadeservicos\wp-content\themes\GuiaServicos\single-comercios.php on line 43
[25-Sep-2024 00:04:25 UTC] PHP Warning:  foreach() argument must be of type array|object, bool given in C:\local.host\www\guiadeservicos\wp-content\themes\GuiaServicos\single-comercios.php on line 232
[25-Sep-2024 00:04:30 UTC] PHP Warning:  Undefined variable $class in C:\local.host\www\guiadeservicos\wp-content\themes\GuiaServicos\single-comercios.php on line 42
[25-Sep-2024 00:04:30 UTC] PHP Warning:  Undefined variable $categoria in C:\local.host\www\guiadeservicos\wp-content\themes\GuiaServicos\single-comercios.php on line 43
[25-Sep-2024 00:04:30 UTC] PHP Warning:  foreach() argument must be of type array|object, bool given in C:\local.host\www\guiadeservicos\wp-content\themes\GuiaServicos\single-comercios.php on line 232
[25-Sep-2024 00:05:22 UTC] PHP Warning:  Undefined variable $class in C:\local.host\www\guiadeservicos\wp-content\themes\GuiaServicos\single-comercios.php on line 42
[25-Sep-2024 00:05:22 UTC] PHP Warning:  Undefined variable $categoria in C:\local.host\www\guiadeservicos\wp-content\themes\GuiaServicos\single-comercios.php on line 43
[25-Sep-2024 00:05:22 UTC] PHP Warning:  foreach() argument must be of type array|object, bool given in C:\local.host\www\guiadeservicos\wp-content\themes\GuiaServicos\single-comercios.php on line 232
[25-Sep-2024 00:05:27 UTC] PHP Warning:  Undefined variable $class in C:\local.host\www\guiadeservicos\wp-content\themes\GuiaServicos\single-comercios.php on line 42
[25-Sep-2024 00:05:27 UTC] PHP Warning:  Undefined variable $categoria in C:\local.host\www\guiadeservicos\wp-content\themes\GuiaServicos\single-comercios.php on line 43
[25-Sep-2024 00:05:27 UTC] PHP Warning:  foreach() argument must be of type array|object, bool given in C:\local.host\www\guiadeservicos\wp-content\themes\GuiaServicos\single-comercios.php on line 232
[25-Sep-2024 00:05:35 UTC] PHP Warning:  Undefined variable $class in C:\local.host\www\guiadeservicos\wp-content\themes\GuiaServicos\single-comercios.php on line 42
[25-Sep-2024 00:05:35 UTC] PHP Warning:  Undefined variable $categoria in C:\local.host\www\guiadeservicos\wp-content\themes\GuiaServicos\single-comercios.php on line 43
[25-Sep-2024 00:05:35 UTC] PHP Warning:  foreach() argument must be of type array|object, bool given in C:\local.host\www\guiadeservicos\wp-content\themes\GuiaServicos\single-comercios.php on line 232
[25-Sep-2024 00:05:39 UTC] PHP Warning:  Undefined variable $class in C:\local.host\www\guiadeservicos\wp-content\themes\GuiaServicos\single-comercios.php on line 42
[25-Sep-2024 00:05:39 UTC] PHP Warning:  Undefined variable $categoria in C:\local.host\www\guiadeservicos\wp-content\themes\GuiaServicos\single-comercios.php on line 43
[25-Sep-2024 00:05:39 UTC] PHP Warning:  foreach() argument must be of type array|object, bool given in C:\local.host\www\guiadeservicos\wp-content\themes\GuiaServicos\single-comercios.php on line 232
[25-Sep-2024 00:07:07 UTC] PHP Warning:  Undefined variable $class in C:\local.host\www\guiadeservicos\wp-content\themes\GuiaServicos\single-comercios.php on line 42
[25-Sep-2024 00:07:07 UTC] PHP Warning:  Undefined variable $categoria in C:\local.host\www\guiadeservicos\wp-content\themes\GuiaServicos\single-comercios.php on line 43
[25-Sep-2024 00:07:07 UTC] PHP Warning:  foreach() argument must be of type array|object, bool given in C:\local.host\www\guiadeservicos\wp-content\themes\GuiaServicos\single-comercios.php on line 232
[25-Sep-2024 00:07:11 UTC] PHP Warning:  Undefined variable $class in C:\local.host\www\guiadeservicos\wp-content\themes\GuiaServicos\single-comercios.php on line 42
[25-Sep-2024 00:07:11 UTC] PHP Warning:  Undefined variable $categoria in C:\local.host\www\guiadeservicos\wp-content\themes\GuiaServicos\single-comercios.php on line 43
[25-Sep-2024 00:07:11 UTC] PHP Warning:  foreach() argument must be of type array|object, bool given in C:\local.host\www\guiadeservicos\wp-content\themes\GuiaServicos\single-comercios.php on line 232
[25-Sep-2024 00:14:50 UTC] PHP Deprecated:  Constant FILTER_SANITIZE_STRING is deprecated in C:\local.host\www\guiadeservicos\wp-content\themes\GuiaServicos\page-template\cadastro.php on line 18
[25-Sep-2024 00:14:54 UTC] PHP Deprecated:  Constant FILTER_SANITIZE_STRING is deprecated in C:\local.host\www\guiadeservicos\wp-content\themes\GuiaServicos\page-template\cadastro.php on line 18
[25-Sep-2024 00:15:35 UTC] PHP Deprecated:  Constant FILTER_SANITIZE_STRING is deprecated in C:\local.host\www\guiadeservicos\wp-content\themes\GuiaServicos\page-template\cadastro.php on line 17
[25-Sep-2024 00:15:39 UTC] PHP Deprecated:  Constant FILTER_SANITIZE_STRING is deprecated in C:\local.host\www\guiadeservicos\wp-content\themes\GuiaServicos\page-template\cadastro.php on line 17
[25-Sep-2024 00:15:46 UTC] PHP Warning:  Undefined array key "user_id" in C:\local.host\www\guiadeservicos\wp-content\themes\GuiaServicos\functions.php on line 1083
[25-Sep-2024 00:15:49 UTC] PHP Warning:  Undefined array key "user_id" in C:\local.host\www\guiadeservicos\wp-content\themes\GuiaServicos\functions.php on line 1083
[25-Sep-2024 00:16:14 UTC] PHP Warning:  Undefined array key "user_id" in C:\local.host\www\guiadeservicos\wp-content\themes\GuiaServicos\functions.php on line 1083
[25-Sep-2024 00:16:19 UTC] PHP Warning:  Undefined array key "user_id" in C:\local.host\www\guiadeservicos\wp-content\themes\GuiaServicos\functions.php on line 1083
[25-Sep-2024 00:16:35 UTC] PHP Warning:  Undefined array key "user_id" in C:\local.host\www\guiadeservicos\wp-content\themes\GuiaServicos\functions.php on line 1083
[25-Sep-2024 00:16:38 UTC] PHP Warning:  Undefined array key "user_id" in C:\local.host\www\guiadeservicos\wp-content\themes\GuiaServicos\functions.php on line 1083
[25-Sep-2024 00:16:52 UTC] PHP Warning:  Undefined array key "user_id" in C:\local.host\www\guiadeservicos\wp-content\themes\GuiaServicos\functions.php on line 1083
[25-Sep-2024 00:16:55 UTC] PHP Warning:  Undefined array key "user_id" in C:\local.host\www\guiadeservicos\wp-content\themes\GuiaServicos\functions.php on line 1083
[25-Sep-2024 02:01:10 UTC] Funo configurar_smtp foi chamada com sucesso.
[25-Sep-2024 02:01:13 UTC] Erro de SMTP: SMTP Error: Could not authenticate.
[25-Sep-2024 02:01:21 UTC] PHP Notice:  session_start(): Ignoring session_start() because a session is already active in C:\local.host\www\guiadeservicos\wp-content\themes\GuiaServicos\page-template\meu-perfil.php on line 15
[25-Sep-2024 02:01:26 UTC] PHP Notice:  session_start(): Ignoring session_start() because a session is already active in C:\local.host\www\guiadeservicos\wp-content\themes\GuiaServicos\page-template\meu-perfil.php on line 15
[25-Sep-2024 02:03:50 UTC] PHP Notice:  session_start(): Ignoring session_start() because a session is already active in C:\local.host\www\guiadeservicos\wp-content\themes\GuiaServicos\page-template\meu-perfil.php on line 15
[25-Sep-2024 02:03:55 UTC] PHP Notice:  session_start(): Ignoring session_start() because a session is already active in C:\local.host\www\guiadeservicos\wp-content\themes\GuiaServicos\page-template\meu-perfil.php on line 15
[25-Sep-2024 02:06:00 UTC] PHP Warning:  foreach() argument must be of type array|object, bool given in C:\local.host\www\guiadeservicos\wp-content\themes\GuiaServicos\page-template\home.php on line 172
[25-Sep-2024 02:06:00 UTC] PHP Warning:  foreach() argument must be of type array|object, bool given in C:\local.host\www\guiadeservicos\wp-content\themes\GuiaServicos\page-template\home.php on line 172
[25-Sep-2024 02:06:00 UTC] PHP Warning:  foreach() argument must be of type array|object, bool given in C:\local.host\www\guiadeservicos\wp-content\themes\GuiaServicos\page-template\home.php on line 172
[25-Sep-2024 02:06:00 UTC] PHP Warning:  foreach() argument must be of type array|object, bool given in C:\local.host\www\guiadeservicos\wp-content\themes\GuiaServicos\page-template\home.php on line 172
[25-Sep-2024 02:06:00 UTC] PHP Warning:  Undefined variable $countIcons in C:\local.host\www\guiadeservicos\wp-content\themes\GuiaServicos\page-template\home.php on line 252
[25-Sep-2024 02:06:05 UTC] PHP Warning:  foreach() argument must be of type array|object, bool given in C:\local.host\www\guiadeservicos\wp-content\themes\GuiaServicos\page-template\home.php on line 172
[25-Sep-2024 02:06:05 UTC] PHP Warning:  foreach() argument must be of type array|object, bool given in C:\local.host\www\guiadeservicos\wp-content\themes\GuiaServicos\page-template\home.php on line 172
[25-Sep-2024 02:06:05 UTC] PHP Warning:  foreach() argument must be of type array|object, bool given in C:\local.host\www\guiadeservicos\wp-content\themes\GuiaServicos\page-template\home.php on line 172
[25-Sep-2024 02:06:05 UTC] PHP Warning:  foreach() argument must be of type array|object, bool given in C:\local.host\www\guiadeservicos\wp-content\themes\GuiaServicos\page-template\home.php on line 172
[25-Sep-2024 02:06:06 UTC] PHP Warning:  Undefined variable $countIcons in C:\local.host\www\guiadeservicos\wp-content\themes\GuiaServicos\page-template\home.php on line 252
[25-Sep-2024 02:06:29 UTC] PHP Warning:  foreach() argument must be of type array|object, bool given in C:\local.host\www\guiadeservicos\wp-content\themes\GuiaServicos\page-template\home.php on line 172
[25-Sep-2024 02:06:29 UTC] PHP Warning:  foreach() argument must be of type array|object, bool given in C:\local.host\www\guiadeservicos\wp-content\themes\GuiaServicos\page-template\home.php on line 172
[25-Sep-2024 02:06:29 UTC] PHP Warning:  foreach() argument must be of type array|object, bool given in C:\local.host\www\guiadeservicos\wp-content\themes\GuiaServicos\page-template\home.php on line 172
[25-Sep-2024 02:06:29 UTC] PHP Warning:  foreach() argument must be of type array|object, bool given in C:\local.host\www\guiadeservicos\wp-content\themes\GuiaServicos\page-template\home.php on line 172
[25-Sep-2024 02:06:29 UTC] PHP Warning:  Undefined variable $countIcons in C:\local.host\www\guiadeservicos\wp-content\themes\GuiaServicos\page-template\home.php on line 252
[25-Sep-2024 02:06:33 UTC] PHP Warning:  foreach() argument must be of type array|object, bool given in C:\local.host\www\guiadeservicos\wp-content\themes\GuiaServicos\page-template\home.php on line 172
[25-Sep-2024 02:06:33 UTC] PHP Warning:  foreach() argument must be of type array|object, bool given in C:\local.host\www\guiadeservicos\wp-content\themes\GuiaServicos\page-template\home.php on line 172
[25-Sep-2024 02:06:33 UTC] PHP Warning:  foreach() argument must be of type array|object, bool given in C:\local.host\www\guiadeservicos\wp-content\themes\GuiaServicos\page-template\home.php on line 172
[25-Sep-2024 02:06:33 UTC] PHP Warning:  foreach() argument must be of type array|object, bool given in C:\local.host\www\guiadeservicos\wp-content\themes\GuiaServicos\page-template\home.php on line 172
[25-Sep-2024 02:06:33 UTC] PHP Warning:  Undefined variable $countIcons in C:\local.host\www\guiadeservicos\wp-content\themes\GuiaServicos\page-template\home.php on line 252
[25-Sep-2024 02:06:42 UTC] PHP Warning:  Undefined variable $search_query in C:\local.host\www\guiadeservicos\wp-content\themes\GuiaServicos\page-template\comercios.php on line 171
[25-Sep-2024 02:06:42 UTC] PHP Warning:  foreach() argument must be of type array|object, bool given in C:\local.host\www\guiadeservicos\wp-content\themes\GuiaServicos\page-template\comercios.php on line 262
[25-Sep-2024 02:06:42 UTC] PHP Warning:  foreach() argument must be of type array|object, bool given in C:\local.host\www\guiadeservicos\wp-content\themes\GuiaServicos\page-template\comercios.php on line 262
[25-Sep-2024 02:06:42 UTC] PHP Warning:  foreach() argument must be of type array|object, bool given in C:\local.host\www\guiadeservicos\wp-content\themes\GuiaServicos\page-template\comercios.php on line 262
[25-Sep-2024 02:06:42 UTC] PHP Warning:  foreach() argument must be of type array|object, bool given in C:\local.host\www\guiadeservicos\wp-content\themes\GuiaServicos\page-template\comercios.php on line 262
[25-Sep-2024 02:06:42 UTC] PHP Warning:  Undefined variable $countIcons in C:\local.host\www\guiadeservicos\wp-content\themes\GuiaServicos\page-template\comercios.php on line 342
[25-Sep-2024 02:06:47 UTC] PHP Warning:  Undefined variable $search_query in C:\local.host\www\guiadeservicos\wp-content\themes\GuiaServicos\page-template\comercios.php on line 171
[25-Sep-2024 02:06:47 UTC] PHP Warning:  foreach() argument must be of type array|object, bool given in C:\local.host\www\guiadeservicos\wp-content\themes\GuiaServicos\page-template\comercios.php on line 262
[25-Sep-2024 02:06:47 UTC] PHP Warning:  foreach() argument must be of type array|object, bool given in C:\local.host\www\guiadeservicos\wp-content\themes\GuiaServicos\page-template\comercios.php on line 262
[25-Sep-2024 02:06:47 UTC] PHP Warning:  foreach() argument must be of type array|object, bool given in C:\local.host\www\guiadeservicos\wp-content\themes\GuiaServicos\page-template\comercios.php on line 262
[25-Sep-2024 02:06:47 UTC] PHP Warning:  foreach() argument must be of type array|object, bool given in C:\local.host\www\guiadeservicos\wp-content\themes\GuiaServicos\page-template\comercios.php on line 262
[25-Sep-2024 02:06:47 UTC] PHP Warning:  Undefined variable $countIcons in C:\local.host\www\guiadeservicos\wp-content\themes\GuiaServicos\page-template\comercios.php on line 342
[25-Sep-2024 02:07:06 UTC] PHP Warning:  foreach() argument must be of type array|object, bool given in C:\local.host\www\guiadeservicos\wp-content\themes\GuiaServicos\page-template\home.php on line 172
[25-Sep-2024 02:07:06 UTC] PHP Warning:  foreach() argument must be of type array|object, bool given in C:\local.host\www\guiadeservicos\wp-content\themes\GuiaServicos\page-template\home.php on line 172
[25-Sep-2024 02:07:06 UTC] PHP Warning:  foreach() argument must be of type array|object, bool given in C:\local.host\www\guiadeservicos\wp-content\themes\GuiaServicos\page-template\home.php on line 172
[25-Sep-2024 02:07:06 UTC] PHP Warning:  foreach() argument must be of type array|object, bool given in C:\local.host\www\guiadeservicos\wp-content\themes\GuiaServicos\page-template\home.php on line 172
[25-Sep-2024 02:07:07 UTC] PHP Warning:  Undefined variable $countIcons in C:\local.host\www\guiadeservicos\wp-content\themes\GuiaServicos\page-template\home.php on line 252
[25-Sep-2024 02:07:12 UTC] PHP Warning:  foreach() argument must be of type array|object, bool given in C:\local.host\www\guiadeservicos\wp-content\themes\GuiaServicos\page-template\home.php on line 172
[25-Sep-2024 02:07:12 UTC] PHP Warning:  foreach() argument must be of type array|object, bool given in C:\local.host\www\guiadeservicos\wp-content\themes\GuiaServicos\page-template\home.php on line 172
[25-Sep-2024 02:07:12 UTC] PHP Warning:  foreach() argument must be of type array|object, bool given in C:\local.host\www\guiadeservicos\wp-content\themes\GuiaServicos\page-template\home.php on line 172
[25-Sep-2024 02:07:12 UTC] PHP Warning:  foreach() argument must be of type array|object, bool given in C:\local.host\www\guiadeservicos\wp-content\themes\GuiaServicos\page-template\home.php on line 172
[25-Sep-2024 02:07:12 UTC] PHP Warning:  Undefined variable $countIcons in C:\local.host\www\guiadeservicos\wp-content\themes\GuiaServicos\page-template\home.php on line 252
[25-Sep-2024 02:08:03 UTC] PHP Warning:  foreach() argument must be of type array|object, bool given in C:\local.host\www\guiadeservicos\wp-content\themes\GuiaServicos\page-template\home.php on line 172
[25-Sep-2024 02:08:03 UTC] PHP Warning:  foreach() argument must be of type array|object, bool given in C:\local.host\www\guiadeservicos\wp-content\themes\GuiaServicos\page-template\home.php on line 172
[25-Sep-2024 02:08:03 UTC] PHP Warning:  foreach() argument must be of type array|object, bool given in C:\local.host\www\guiadeservicos\wp-content\themes\GuiaServicos\page-template\home.php on line 172
[25-Sep-2024 02:08:03 UTC] PHP Warning:  foreach() argument must be of type array|object, bool given in C:\local.host\www\guiadeservicos\wp-content\themes\GuiaServicos\page-template\home.php on line 172
[25-Sep-2024 02:08:04 UTC] PHP Warning:  Undefined variable $countIcons in C:\local.host\www\guiadeservicos\wp-content\themes\GuiaServicos\page-template\home.php on line 252
[25-Sep-2024 02:08:09 UTC] PHP Warning:  foreach() argument must be of type array|object, bool given in C:\local.host\www\guiadeservicos\wp-content\themes\GuiaServicos\page-template\home.php on line 172
[25-Sep-2024 02:08:09 UTC] PHP Warning:  foreach() argument must be of type array|object, bool given in C:\local.host\www\guiadeservicos\wp-content\themes\GuiaServicos\page-template\home.php on line 172
[25-Sep-2024 02:08:09 UTC] PHP Warning:  foreach() argument must be of type array|object, bool given in C:\local.host\www\guiadeservicos\wp-content\themes\GuiaServicos\page-template\home.php on line 172
[25-Sep-2024 02:08:09 UTC] PHP Warning:  foreach() argument must be of type array|object, bool given in C:\local.host\www\guiadeservicos\wp-content\themes\GuiaServicos\page-template\home.php on line 172
[25-Sep-2024 02:08:09 UTC] PHP Warning:  Undefined variable $countIcons in C:\local.host\www\guiadeservicos\wp-content\themes\GuiaServicos\page-template\home.php on line 252
[25-Sep-2024 02:09:03 UTC] PHP Warning:  foreach() argument must be of type array|object, bool given in C:\local.host\www\guiadeservicos\wp-content\themes\GuiaServicos\single-comercios.php on line 36
[25-Sep-2024 02:09:03 UTC] PHP Warning:  Undefined variable $class in C:\local.host\www\guiadeservicos\wp-content\themes\GuiaServicos\single-comercios.php on line 42
[25-Sep-2024 02:09:03 UTC] PHP Warning:  Undefined variable $categoria in C:\local.host\www\guiadeservicos\wp-content\themes\GuiaServicos\single-comercios.php on line 43
[25-Sep-2024 02:09:03 UTC] PHP Warning:  Undefined property: WP_Error::$name in C:\local.host\www\guiadeservicos\wp-content\themes\GuiaServicos\single-comercios.php on line 46
[25-Sep-2024 02:09:03 UTC] PHP Fatal error:  Uncaught Error: Object of class WP_Error could not be converted to string in C:\local.host\www\guiadeservicos\wp-content\themes\GuiaServicos\single-comercios.php:95
Stack trace:
#0 C:\local.host\www\guiadeservicos\wp-includes\template-loader.php(106): include()
#1 C:\local.host\www\guiadeservicos\wp-blog-header.php(19): require_once('...')
#2 C:\local.host\www\guiadeservicos\index.php(17): require('...')
#3 C:\Users\Victor Lima\AppData\Local\Temp\wp-cli-extract-from-phar-66f15ee315f221.61358839-router.php(134): require_once('...')
#4 {main}
  thrown in C:\local.host\www\guiadeservicos\wp-content\themes\GuiaServicos\single-comercios.php on line 95
[25-Sep-2024 02:09:39 UTC] PHP Warning:  foreach() argument must be of type array|object, bool given in C:\local.host\www\guiadeservicos\wp-content\themes\GuiaServicos\single-comercios.php on line 38
[25-Sep-2024 02:09:39 UTC] PHP Warning:  Undefined variable $class in C:\local.host\www\guiadeservicos\wp-content\themes\GuiaServicos\single-comercios.php on line 44
[25-Sep-2024 02:09:39 UTC] PHP Warning:  Undefined variable $categoria in C:\local.host\www\guiadeservicos\wp-content\themes\GuiaServicos\single-comercios.php on line 45
[25-Sep-2024 02:09:39 UTC] PHP Warning:  Undefined variable $tag_obj in C:\local.host\www\guiadeservicos\wp-content\themes\GuiaServicos\single-comercios.php on line 48
[25-Sep-2024 02:09:39 UTC] PHP Warning:  Attempt to read property "name" on null in C:\local.host\www\guiadeservicos\wp-content\themes\GuiaServicos\single-comercios.php on line 48
[25-Sep-2024 02:09:39 UTC] PHP Warning:  Undefined variable $tag_obj in C:\local.host\www\guiadeservicos\wp-content\themes\GuiaServicos\single-comercios.php on line 96
[25-Sep-2024 02:09:39 UTC] PHP Warning:  foreach() argument must be of type array|object, bool given in C:\local.host\www\guiadeservicos\wp-content\themes\GuiaServicos\single-comercios.php on line 100
[25-Sep-2024 02:09:45 UTC] PHP Warning:  foreach() argument must be of type array|object, bool given in C:\local.host\www\guiadeservicos\wp-content\themes\GuiaServicos\single-comercios.php on line 38
[25-Sep-2024 02:09:45 UTC] PHP Warning:  Undefined variable $class in C:\local.host\www\guiadeservicos\wp-content\themes\GuiaServicos\single-comercios.php on line 44
[25-Sep-2024 02:09:45 UTC] PHP Warning:  Undefined variable $categoria in C:\local.host\www\guiadeservicos\wp-content\themes\GuiaServicos\single-comercios.php on line 45
[25-Sep-2024 02:09:45 UTC] PHP Warning:  Undefined variable $tag_obj in C:\local.host\www\guiadeservicos\wp-content\themes\GuiaServicos\single-comercios.php on line 48
[25-Sep-2024 02:09:45 UTC] PHP Warning:  Attempt to read property "name" on null in C:\local.host\www\guiadeservicos\wp-content\themes\GuiaServicos\single-comercios.php on line 48
[25-Sep-2024 02:09:45 UTC] PHP Warning:  Undefined variable $tag_obj in C:\local.host\www\guiadeservicos\wp-content\themes\GuiaServicos\single-comercios.php on line 96
[25-Sep-2024 02:09:45 UTC] PHP Warning:  foreach() argument must be of type array|object, bool given in C:\local.host\www\guiadeservicos\wp-content\themes\GuiaServicos\single-comercios.php on line 100
[25-Sep-2024 02:09:57 UTC] PHP Warning:  Undefined array key "reading" in C:\local.host\www\guiadeservicos\wp-content\themes\GuiaServicos\functions.php on line 477
[25-Sep-2024 02:09:57 UTC] PHP Deprecated:  stripslashes(): Passing null to parameter #1 ($string) of type string is deprecated in C:\local.host\www\guiadeservicos\wp-content\themes\GuiaServicos\functions.php on line 478
[25-Sep-2024 02:09:57 UTC] PHP Warning:  Undefined array key "reading" in C:\local.host\www\guiadeservicos\wp-content\themes\GuiaServicos\functions.php on line 477
[25-Sep-2024 02:09:57 UTC] PHP Deprecated:  stripslashes(): Passing null to parameter #1 ($string) of type string is deprecated in C:\local.host\www\guiadeservicos\wp-content\themes\GuiaServicos\functions.php on line 478
[25-Sep-2024 02:09:57 UTC] PHP Warning:  Undefined array key "reading" in C:\local.host\www\guiadeservicos\wp-content\themes\GuiaServicos\functions.php on line 477
[25-Sep-2024 02:09:57 UTC] PHP Deprecated:  stripslashes(): Passing null to parameter #1 ($string) of type string is deprecated in C:\local.host\www\guiadeservicos\wp-content\themes\GuiaServicos\functions.php on line 478
[25-Sep-2024 02:09:57 UTC] PHP Warning:  Undefined array key "reading" in C:\local.host\www\guiadeservicos\wp-content\themes\GuiaServicos\functions.php on line 477
[25-Sep-2024 02:09:57 UTC] PHP Deprecated:  stripslashes(): Passing null to parameter #1 ($string) of type string is deprecated in C:\local.host\www\guiadeservicos\wp-content\themes\GuiaServicos\functions.php on line 478
[25-Sep-2024 02:09:57 UTC] PHP Warning:  Undefined array key "reading" in C:\local.host\www\guiadeservicos\wp-content\themes\GuiaServicos\functions.php on line 477
[25-Sep-2024 02:09:57 UTC] PHP Deprecated:  stripslashes(): Passing null to parameter #1 ($string) of type string is deprecated in C:\local.host\www\guiadeservicos\wp-content\themes\GuiaServicos\functions.php on line 478
[25-Sep-2024 02:10:02 UTC] PHP Warning:  Undefined array key "reading" in C:\local.host\www\guiadeservicos\wp-content\themes\GuiaServicos\functions.php on line 477
[25-Sep-2024 02:10:02 UTC] PHP Deprecated:  stripslashes(): Passing null to parameter #1 ($string) of type string is deprecated in C:\local.host\www\guiadeservicos\wp-content\themes\GuiaServicos\functions.php on line 478
[25-Sep-2024 02:10:02 UTC] PHP Warning:  Undefined array key "reading" in C:\local.host\www\guiadeservicos\wp-content\themes\GuiaServicos\functions.php on line 477
[25-Sep-2024 02:10:02 UTC] PHP Deprecated:  stripslashes(): Passing null to parameter #1 ($string) of type string is deprecated in C:\local.host\www\guiadeservicos\wp-content\themes\GuiaServicos\functions.php on line 478
[25-Sep-2024 02:10:02 UTC] PHP Warning:  Undefined array key "reading" in C:\local.host\www\guiadeservicos\wp-content\themes\GuiaServicos\functions.php on line 477
[25-Sep-2024 02:10:02 UTC] PHP Deprecated:  stripslashes(): Passing null to parameter #1 ($string) of type string is deprecated in C:\local.host\www\guiadeservicos\wp-content\themes\GuiaServicos\functions.php on line 478
[25-Sep-2024 02:10:02 UTC] PHP Warning:  Undefined array key "reading" in C:\local.host\www\guiadeservicos\wp-content\themes\GuiaServicos\functions.php on line 477
[25-Sep-2024 02:10:02 UTC] PHP Deprecated:  stripslashes(): Passing null to parameter #1 ($string) of type string is deprecated in C:\local.host\www\guiadeservicos\wp-content\themes\GuiaServicos\functions.php on line 478
[25-Sep-2024 02:10:02 UTC] PHP Warning:  Undefined array key "reading" in C:\local.host\www\guiadeservicos\wp-content\themes\GuiaServicos\functions.php on line 477
[25-Sep-2024 02:10:02 UTC] PHP Deprecated:  stripslashes(): Passing null to parameter #1 ($string) of type string is deprecated in C:\local.host\www\guiadeservicos\wp-content\themes\GuiaServicos\functions.php on line 478
[25-Sep-2024 02:10:09 UTC] PHP Warning:  foreach() argument must be of type array|object, bool given in C:\local.host\www\guiadeservicos\wp-content\themes\GuiaServicos\page-template\home.php on line 172
[25-Sep-2024 02:10:09 UTC] PHP Warning:  foreach() argument must be of type array|object, bool given in C:\local.host\www\guiadeservicos\wp-content\themes\GuiaServicos\page-template\home.php on line 172
[25-Sep-2024 02:10:09 UTC] PHP Warning:  foreach() argument must be of type array|object, bool given in C:\local.host\www\guiadeservicos\wp-content\themes\GuiaServicos\page-template\home.php on line 172
[25-Sep-2024 02:10:10 UTC] PHP Warning:  foreach() argument must be of type array|object, bool given in C:\local.host\www\guiadeservicos\wp-content\themes\GuiaServicos\page-template\home.php on line 172
[25-Sep-2024 02:10:10 UTC] PHP Warning:  Undefined variable $countIcons in C:\local.host\www\guiadeservicos\wp-content\themes\GuiaServicos\page-template\home.php on line 252
[25-Sep-2024 02:10:14 UTC] PHP Warning:  foreach() argument must be of type array|object, bool given in C:\local.host\www\guiadeservicos\wp-content\themes\GuiaServicos\page-template\home.php on line 172
[25-Sep-2024 02:10:14 UTC] PHP Warning:  foreach() argument must be of type array|object, bool given in C:\local.host\www\guiadeservicos\wp-content\themes\GuiaServicos\page-template\home.php on line 172
[25-Sep-2024 02:10:14 UTC] PHP Warning:  foreach() argument must be of type array|object, bool given in C:\local.host\www\guiadeservicos\wp-content\themes\GuiaServicos\page-template\home.php on line 172
[25-Sep-2024 02:10:14 UTC] PHP Warning:  foreach() argument must be of type array|object, bool given in C:\local.host\www\guiadeservicos\wp-content\themes\GuiaServicos\page-template\home.php on line 172
[25-Sep-2024 02:10:14 UTC] PHP Warning:  Undefined variable $countIcons in C:\local.host\www\guiadeservicos\wp-content\themes\GuiaServicos\page-template\home.php on line 252
[25-Sep-2024 02:13:52 UTC] PHP Warning:  Undefined variable $search_query in C:\local.host\www\guiadeservicos\wp-content\themes\GuiaServicos\page-template\comercios.php on line 171
[25-Sep-2024 02:13:52 UTC] PHP Warning:  foreach() argument must be of type array|object, bool given in C:\local.host\www\guiadeservicos\wp-content\themes\GuiaServicos\page-template\comercios.php on line 262
[25-Sep-2024 02:13:52 UTC] PHP Warning:  foreach() argument must be of type array|object, bool given in C:\local.host\www\guiadeservicos\wp-content\themes\GuiaServicos\page-template\comercios.php on line 262
[25-Sep-2024 02:13:52 UTC] PHP Warning:  foreach() argument must be of type array|object, bool given in C:\local.host\www\guiadeservicos\wp-content\themes\GuiaServicos\page-template\comercios.php on line 262
[25-Sep-2024 02:13:52 UTC] PHP Warning:  foreach() argument must be of type array|object, bool given in C:\local.host\www\guiadeservicos\wp-content\themes\GuiaServicos\page-template\comercios.php on line 262
[25-Sep-2024 02:13:52 UTC] PHP Warning:  Undefined variable $countIcons in C:\local.host\www\guiadeservicos\wp-content\themes\GuiaServicos\page-template\comercios.php on line 345
[25-Sep-2024 02:13:54 UTC] PHP Warning:  Undefined variable $search_query in C:\local.host\www\guiadeservicos\wp-content\themes\GuiaServicos\page-template\comercios.php on line 171
[25-Sep-2024 02:13:54 UTC] PHP Warning:  foreach() argument must be of type array|object, bool given in C:\local.host\www\guiadeservicos\wp-content\themes\GuiaServicos\page-template\comercios.php on line 262
[25-Sep-2024 02:13:54 UTC] PHP Warning:  foreach() argument must be of type array|object, bool given in C:\local.host\www\guiadeservicos\wp-content\themes\GuiaServicos\page-template\comercios.php on line 262
[25-Sep-2024 02:13:54 UTC] PHP Warning:  foreach() argument must be of type array|object, bool given in C:\local.host\www\guiadeservicos\wp-content\themes\GuiaServicos\page-template\comercios.php on line 262
[25-Sep-2024 02:13:54 UTC] PHP Warning:  foreach() argument must be of type array|object, bool given in C:\local.host\www\guiadeservicos\wp-content\themes\GuiaServicos\page-template\comercios.php on line 262
[25-Sep-2024 02:13:54 UTC] PHP Warning:  Undefined variable $countIcons in C:\local.host\www\guiadeservicos\wp-content\themes\GuiaServicos\page-template\comercios.php on line 345
[25-Sep-2024 02:14:22 UTC] PHP Deprecated:  strpos(): Passing null to parameter #1 ($haystack) of type string is deprecated in C:\local.host\www\guiadeservicos\wp-includes\functions.php on line 7300
[25-Sep-2024 02:14:22 UTC] PHP Deprecated:  str_replace(): Passing null to parameter #3 ($subject) of type array|string is deprecated in C:\local.host\www\guiadeservicos\wp-includes\functions.php on line 2189
[25-Sep-2024 02:15:04 UTC] PHP Warning:  Undefined variable $search_query in C:\local.host\www\guiadeservicos\wp-content\themes\GuiaServicos\page-template\comercios.php on line 171
[25-Sep-2024 02:15:04 UTC] PHP Warning:  foreach() argument must be of type array|object, bool given in C:\local.host\www\guiadeservicos\wp-content\themes\GuiaServicos\page-template\comercios.php on line 262
[25-Sep-2024 02:15:04 UTC] PHP Warning:  foreach() argument must be of type array|object, bool given in C:\local.host\www\guiadeservicos\wp-content\themes\GuiaServicos\page-template\comercios.php on line 262
[25-Sep-2024 02:15:04 UTC] PHP Warning:  foreach() argument must be of type array|object, bool given in C:\local.host\www\guiadeservicos\wp-content\themes\GuiaServicos\page-template\comercios.php on line 262
[25-Sep-2024 02:15:04 UTC] PHP Warning:  foreach() argument must be of type array|object, bool given in C:\local.host\www\guiadeservicos\wp-content\themes\GuiaServicos\page-template\comercios.php on line 262
[25-Sep-2024 02:15:05 UTC] PHP Warning:  Undefined variable $countIcons in C:\local.host\www\guiadeservicos\wp-content\themes\GuiaServicos\page-template\comercios.php on line 346
[25-Sep-2024 02:15:06 UTC] PHP Warning:  Undefined variable $search_query in C:\local.host\www\guiadeservicos\wp-content\themes\GuiaServicos\page-template\comercios.php on line 171
[25-Sep-2024 02:15:06 UTC] PHP Warning:  foreach() argument must be of type array|object, bool given in C:\local.host\www\guiadeservicos\wp-content\themes\GuiaServicos\page-template\comercios.php on line 262
[25-Sep-2024 02:15:06 UTC] PHP Warning:  foreach() argument must be of type array|object, bool given in C:\local.host\www\guiadeservicos\wp-content\themes\GuiaServicos\page-template\comercios.php on line 262
[25-Sep-2024 02:15:06 UTC] PHP Warning:  foreach() argument must be of type array|object, bool given in C:\local.host\www\guiadeservicos\wp-content\themes\GuiaServicos\page-template\comercios.php on line 262
[25-Sep-2024 02:15:06 UTC] PHP Warning:  foreach() argument must be of type array|object, bool given in C:\local.host\www\guiadeservicos\wp-content\themes\GuiaServicos\page-template\comercios.php on line 262
[25-Sep-2024 02:15:06 UTC] PHP Warning:  Undefined variable $countIcons in C:\local.host\www\guiadeservicos\wp-content\themes\GuiaServicos\page-template\comercios.php on line 346
[25-Sep-2024 02:15:16 UTC] PHP Warning:  foreach() argument must be of type array|object, bool given in C:\local.host\www\guiadeservicos\wp-content\themes\GuiaServicos\page-template\home.php on line 172
[25-Sep-2024 02:15:16 UTC] PHP Warning:  foreach() argument must be of type array|object, bool given in C:\local.host\www\guiadeservicos\wp-content\themes\GuiaServicos\page-template\home.php on line 172
[25-Sep-2024 02:15:16 UTC] PHP Warning:  foreach() argument must be of type array|object, bool given in C:\local.host\www\guiadeservicos\wp-content\themes\GuiaServicos\page-template\home.php on line 172
[25-Sep-2024 02:15:16 UTC] PHP Warning:  foreach() argument must be of type array|object, bool given in C:\local.host\www\guiadeservicos\wp-content\themes\GuiaServicos\page-template\home.php on line 172
[25-Sep-2024 02:15:16 UTC] PHP Warning:  Undefined variable $countIcons in C:\local.host\www\guiadeservicos\wp-content\themes\GuiaServicos\page-template\home.php on line 252
[25-Sep-2024 02:15:19 UTC] PHP Warning:  foreach() argument must be of type array|object, bool given in C:\local.host\www\guiadeservicos\wp-content\themes\GuiaServicos\page-template\home.php on line 172
[25-Sep-2024 02:15:19 UTC] PHP Warning:  foreach() argument must be of type array|object, bool given in C:\local.host\www\guiadeservicos\wp-content\themes\GuiaServicos\page-template\home.php on line 172
[25-Sep-2024 02:15:19 UTC] PHP Warning:  foreach() argument must be of type array|object, bool given in C:\local.host\www\guiadeservicos\wp-content\themes\GuiaServicos\page-template\home.php on line 172
[25-Sep-2024 02:15:19 UTC] PHP Warning:  foreach() argument must be of type array|object, bool given in C:\local.host\www\guiadeservicos\wp-content\themes\GuiaServicos\page-template\home.php on line 172
[25-Sep-2024 02:15:19 UTC] PHP Warning:  Undefined variable $countIcons in C:\local.host\www\guiadeservicos\wp-content\themes\GuiaServicos\page-template\home.php on line 252
[25-Sep-2024 02:16:30 UTC] PHP Deprecated:  strpos(): Passing null to parameter #1 ($haystack) of type string is deprecated in C:\local.host\www\guiadeservicos\wp-includes\functions.php on line 7300
[25-Sep-2024 02:16:30 UTC] PHP Deprecated:  str_replace(): Passing null to parameter #3 ($subject) of type array|string is deprecated in C:\local.host\www\guiadeservicos\wp-includes\functions.php on line 2189
[25-Sep-2024 02:16:33 UTC] PHP Deprecated:  strpos(): Passing null to parameter #1 ($haystack) of type string is deprecated in C:\local.host\www\guiadeservicos\wp-includes\functions.php on line 7300
[25-Sep-2024 02:16:33 UTC] PHP Deprecated:  str_replace(): Passing null to parameter #3 ($subject) of type array|string is deprecated in C:\local.host\www\guiadeservicos\wp-includes\functions.php on line 2189
[25-Sep-2024 02:32:25 UTC] PHP Deprecated:  strpos(): Passing null to parameter #1 ($haystack) of type string is deprecated in C:\local.host\www\guiadeservicos\wp-includes\functions.php on line 7300
[25-Sep-2024 02:32:25 UTC] PHP Deprecated:  str_replace(): Passing null to parameter #3 ($subject) of type array|string is deprecated in C:\local.host\www\guiadeservicos\wp-includes\functions.php on line 2189
[25-Sep-2024 02:32:42 UTC] PHP Deprecated:  strpos(): Passing null to parameter #1 ($haystack) of type string is deprecated in C:\local.host\www\guiadeservicos\wp-includes\functions.php on line 7300
[25-Sep-2024 02:32:42 UTC] PHP Deprecated:  str_replace(): Passing null to parameter #3 ($subject) of type array|string is deprecated in C:\local.host\www\guiadeservicos\wp-includes\functions.php on line 2189
[08-Oct-2024 13:46:48 UTC] PHP Warning:  foreach() argument must be of type array|object, bool given in C:\local.host\www\guiadeservicos\wp-content\themes\GuiaServicos\page-template\home.php on line 172
[08-Oct-2024 13:46:48 UTC] PHP Warning:  foreach() argument must be of type array|object, bool given in C:\local.host\www\guiadeservicos\wp-content\themes\GuiaServicos\page-template\home.php on line 172
[08-Oct-2024 13:46:48 UTC] PHP Warning:  foreach() argument must be of type array|object, bool given in C:\local.host\www\guiadeservicos\wp-content\themes\GuiaServicos\page-template\home.php on line 172
[08-Oct-2024 13:46:48 UTC] PHP Warning:  foreach() argument must be of type array|object, bool given in C:\local.host\www\guiadeservicos\wp-content\themes\GuiaServicos\page-template\home.php on line 172
[08-Oct-2024 13:46:48 UTC] PHP Warning:  Undefined variable $countIcons in C:\local.host\www\guiadeservicos\wp-content\themes\GuiaServicos\page-template\home.php on line 252
[08-Oct-2024 13:47:04 UTC] Automatic updates starting...
[08-Oct-2024 13:47:09 UTC]   Automatic plugin updates starting...
[08-Oct-2024 13:47:09 UTC]   Automatic plugin updates complete.
[08-Oct-2024 13:47:10 UTC] Automatic updates complete.
[08-Oct-2024 13:47:51 UTC] PHP Fatal error:  Maximum execution time of 60 seconds exceeded in C:\local.host\www\guiadeservicos\wp-includes\Requests\src\Transport\Curl.php on line 205
[08-Oct-2024 13:47:57 UTC] PHP Warning:  foreach() argument must be of type array|object, bool given in C:\local.host\www\guiadeservicos\wp-content\themes\GuiaServicos\page-template\home.php on line 172
[08-Oct-2024 13:47:57 UTC] PHP Warning:  foreach() argument must be of type array|object, bool given in C:\local.host\www\guiadeservicos\wp-content\themes\GuiaServicos\page-template\home.php on line 172
[08-Oct-2024 13:47:58 UTC] PHP Warning:  foreach() argument must be of type array|object, bool given in C:\local.host\www\guiadeservicos\wp-content\themes\GuiaServicos\page-template\home.php on line 172
[08-Oct-2024 13:47:58 UTC] PHP Warning:  foreach() argument must be of type array|object, bool given in C:\local.host\www\guiadeservicos\wp-content\themes\GuiaServicos\page-template\home.php on line 172
[08-Oct-2024 13:47:58 UTC] PHP Warning:  Undefined variable $countIcons in C:\local.host\www\guiadeservicos\wp-content\themes\GuiaServicos\page-template\home.php on line 252
